
=== Mon Apr  7 18:47:03 2025

Packages were changed.
Update Mode: updateDependencies

The following packages were updated:
  com.unity.ide.rider from version 1.2.1 to 2.0.7
  com.unity.ide.visualstudio from version 2.0.2 to 2.0.5
  com.unity.ide.vscode from version 1.2.1 to 1.2.3
  com.unity.test-framework from version 1.1.16 to 1.1.20

=== Mon Apr  6 21:30:58 2026

Packages were changed.
Update Mode: updateDependencies

The following packages were added:
  com.unity.ai.navigation@2.0.8
  com.unity.modules.accessibility@1.0.0
  com.unity.multiplayer.center@1.0.0
The following packages were updated:
  com.unity.collab-proxy from version 1.3.9 to 2.8.2
  com.unity.ide.rider from version 2.0.7 to 3.0.36
  com.unity.ide.visualstudio from version 2.0.5 to 2.0.23
  com.unity.test-framework from version 1.1.20 to 1.5.1
  com.unity.timeline from version 1.3.6 to 1.8.7
  com.unity.ugui from version 1.0.0 to 2.0.0
The following packages were removed:
  com.unity.textmeshpro@3.0.1

=== Fri Apr 10 11:28:19 2026

Packages were changed.
Update Mode: updateDependencies

The following packages were added:
  com.unity.modules.adaptiveperformance@1.0.0
  com.unity.modules.vectorgraphics@1.0.0
The following packages were updated:
  com.unity.ai.navigation from version 2.0.8 to 2.0.10
  com.unity.collab-proxy from version 2.8.2 to 2.11.3
  com.unity.ide.rider from version 3.0.36 to 3.0.39
  com.unity.ide.visualstudio from version 2.0.23 to 2.0.26
  com.unity.multiplayer.center from version 1.0.0 to 1.0.1
  com.unity.test-framework from version 1.5.1 to 1.6.0
  com.unity.timeline from version 1.8.7 to 1.8.10
